Using pre-set license
Built from '2020.3/staging' branch; Version is '2020.3.25f1 (9b9180224418) revision 10195328'; Using compiler version '192528614'; Build Type 'Release'
OS: 'Windows 10  (10.0.19043) 64bit Professional' Language: 'en' Physical Memory: 8097 MB
BatchMode: 1, IsHumanControllingUs: 0, StartBugReporterOnCrash: 0, Is64bit: 1, IsPro: 0

COMMAND LINE ARGUMENTS:
C:\Program Files\Unity\Hub\Editor\2020.3.25f1\Editor\Unity.exe
-adb2
-batchMode
-noUpm
-name
AssetImportWorker5
-projectPath
D:/IdeeGamesProject/RacingGame2021
-logFile
Logs/AssetImportWorker5.log
-srvPort
2360
Successfully changed project path to: D:/IdeeGamesProject/RacingGame2021
D:/IdeeGamesProject/RacingGame2021
Using Asset Import Pipeline V2.
Refreshing native plugins compatible for Editor in 265.60 ms, found 4 plugins.
Preloading 0 native plugins for Editor in 0.00 ms.
Initialize engine version: 2020.3.25f1 (9b9180224418)
[Subsystems] Discovering subsystems at path C:/Program Files/Unity/Hub/Editor/2020.3.25f1/Editor/Data/Resources/UnitySubsystems
[Subsystems] Discovering subsystems at path D:/IdeeGamesProject/RacingGame2021/Assets
GfxDevice: creating device client; threaded=0
Direct3D:
    Version:  Direct3D 11.0 [level 11.1]
    Renderer: AMD FirePro W4170M (FireGL V) (ID=0x6606)
    Vendor:   
    VRAM:     2027 MB
    Driver:   15.201.1101.0
Shader 'VacuumShaders/Terrain To Mesh/Legacy Shaders/Diffuse/4 Textures': fallback shader 'Hidden/VacuumShaders/Fallback/VertexLit' not found
Shader 'Car/CarGlass2': fallback shader 'Transparent' not found
Shader 'VacuumShaders/Terrain To Mesh/Legacy Shaders/Diffuse/5 Textures': fallback shader 'Hidden/VacuumShaders/Fallback/VertexLit' not found
Shader 'VacuumShaders/Terrain To Mesh/Legacy Shaders/Diffuse/6 Textures': fallback shader 'Hidden/VacuumShaders/Fallback/VertexLit' not found
Shader 'Car/CarGlass2': fallback shader 'Transparent' not found
Initialize mono
Mono path[0] = 'C:/Program Files/Unity/Hub/Editor/2020.3.25f1/Editor/Data/Managed'
Mono path[1] = 'C:/Program Files/Unity/Hub/Editor/2020.3.25f1/Editor/Data/MonoBleedingEdge/lib/mono/unityjit'
Mono config path = 'C:/Program Files/Unity/Hub/Editor/2020.3.25f1/Editor/Data/MonoBleedingEdge/etc'
Using monoOptions --debugger-agent=transport=dt_socket,embedding=1,server=y,suspend=n,address=127.0.0.1:56096
Begin MonoManager ReloadAssembly
Registering precompiled unity dll's ...
Register platform support module: C:/Program Files/Unity/Hub/Editor/2020.3.25f1/Editor/Data/PlaybackEngines/WindowsStandaloneSupport/UnityEditor.WindowsStandalone.Extensions.dll
Registered in 0.002336 seconds.
Native extension for WindowsStandalone target not found
Refreshing native plugins compatible for Editor in 248.73 ms, found 4 plugins.
Preloading 0 native plugins for Editor in 0.00 ms.
Mono: successfully reloaded assembly
- Completed reload, in  1.046 seconds
Domain Reload Profiling:
	ReloadAssembly (1046ms)
		BeginReloadAssembly (72ms)
			ExecutionOrderSort (0ms)
			DisableScriptedObjects (0ms)
			BackupInstance (0ms)
			ReleaseScriptingObjects (0ms)
			CreateAndSetChildDomain (1ms)
		EndReloadAssembly (868ms)
			LoadAssemblies (68ms)
			RebuildTransferFunctionScriptingTraits (0ms)
			SetupTypeCache (230ms)
			ReleaseScriptCaches (0ms)
			RebuildScriptCaches (39ms)
			SetupLoadedEditorAssemblies (445ms)
				LogAssemblyErrors (0ms)
				InitializePlatformSupportModulesInManaged (7ms)
				SetLoadedEditorAssemblies (0ms)
				RefreshPlugins (249ms)
				BeforeProcessingInitializeOnLoad (21ms)
				ProcessInitializeOnLoadAttributes (117ms)
				ProcessInitializeOnLoadMethodAttributes (51ms)
				AfterProcessingInitializeOnLoad (0ms)
				EditorAssembliesLoaded (0ms)
			ExecutionOrderSort2 (0ms)
			AwakeInstancesAfterBackupRestoration (0ms)
Platform modules already initialized, skipping
Registering precompiled user dll's ...
Registered in 0.025262 seconds.
Begin MonoManager ReloadAssembly
Native extension for WindowsStandalone target not found
Refreshing native plugins compatible for Editor in 3.86 ms, found 4 plugins.
Preloading 0 native plugins for Editor in 0.00 ms.
Mono: successfully reloaded assembly
- Completed reload, in 10.757 seconds
Domain Reload Profiling:
	ReloadAssembly (10759ms)
		BeginReloadAssembly (196ms)
			ExecutionOrderSort (0ms)
			DisableScriptedObjects (6ms)
			BackupInstance (0ms)
			ReleaseScriptingObjects (0ms)
			CreateAndSetChildDomain (27ms)
		EndReloadAssembly (10470ms)
			LoadAssemblies (1747ms)
			RebuildTransferFunctionScriptingTraits (0ms)
			SetupTypeCache (886ms)
			ReleaseScriptCaches (1ms)
			RebuildScriptCaches (110ms)
			SetupLoadedEditorAssemblies (7525ms)
				LogAssemblyErrors (0ms)
				InitializePlatformSupportModulesInManaged (6ms)
				SetLoadedEditorAssemblies (1ms)
				RefreshPlugins (4ms)
				BeforeProcessingInitializeOnLoad (143ms)
				ProcessInitializeOnLoadAttributes (4313ms)
				ProcessInitializeOnLoadMethodAttributes (3049ms)
				AfterProcessingInitializeOnLoad (9ms)
				EditorAssembliesLoaded (0ms)
			ExecutionOrderSort2 (0ms)
			AwakeInstancesAfterBackupRestoration (8ms)
Platform modules already initialized, skipping
========================================================================
Worker process is ready to serve import requests
Shader 'Car/CarGlass2': fallback shader 'Transparent' not found
Shader 'VacuumShaders/Terrain To Mesh/Legacy Shaders/Diffuse/6 Textures': fallback shader 'Hidden/VacuumShaders/Fallback/VertexLit' not found
Shader 'VacuumShaders/Terrain To Mesh/Legacy Shaders/Diffuse/4 Textures': fallback shader 'Hidden/VacuumShaders/Fallback/VertexLit' not found
Shader 'VacuumShaders/Terrain To Mesh/Legacy Shaders/Diffuse/5 Textures': fallback shader 'Hidden/VacuumShaders/Fallback/VertexLit' not found
Shader 'Car/CarGlass2': fallback shader 'Transparent' not found
Launched and connected shader compiler UnityShaderCompiler.exe after 0.14 seconds
Refreshing native plugins compatible for Editor in 3.93 ms, found 4 plugins.
Preloading 0 native plugins for Editor in 0.00 ms.
Unloading 4225 Unused Serialized files (Serialized files now loaded: 0)
System memory in use before: 203.4 MB.
System memory in use after: 203.3 MB.

Unloading 240 unused Assets to reduce memory usage. Loaded Objects now: 4501.
Total: 18.748600 ms (FindLiveObjects: 0.721900 ms CreateObjectMapping: 0.556400 ms MarkObjects: 16.995600 ms  DeleteObjects: 0.472700 ms)

AssetImportParameters requested are different than current active one (requested -> active):
  custom:framework-win-MediaFoundation: 216162199b28c13a410421893ffa2e32 -> 
  custom:video-decoder-ogg-theora: a1e56fd34408186e4bbccfd4996cb3dc -> 
  custom:container-muxer-webm: aa71ff27fc2769a1b78a27578f13a17b -> 
  custom:container-demuxer-webm: 4f35f7cbe854078d1ac9338744f61a02 -> 
  custom:container-demuxer-ogg: 62fdf1f143b41e24485cea50d1cbac27 -> 
  custom:video-encoder-webm-vp8: eb34c28f22e8b96e1ab97ce403110664 -> 
  custom:video-decoder-webm-vp8: 9c59270c3fd7afecdb556c50c9e8de78 -> 
  custom:audio-decoder-ogg-vorbis: bf7c407c2cedff20999df2af8eb42d56 -> 
  custom:audio-encoder-webm-vorbis: bf7c407c2cedff20999df2af8eb42d56 -> 
========================================================================
Received Import Request.
  path: Assets/-Scenes/Garage.unity
  artifactKey: Guid(c959c098c2ae1144fa212ceefbd7a9e2) Importer(815301076,1909f56bfc062723c751e8b465ee728b)
Start importing Assets/-Scenes/Garage.unity using Guid(c959c098c2ae1144fa212ceefbd7a9e2) Importer(815301076,1909f56bfc062723c751e8b465ee728b)  -> (artifact id: 'ec524087b3aeb6057e9b0b52c7604824') in 0.078214 seconds 
  Import took 0.145725 seconds .

========================================================================
Received Import Request.
  Time since last request: 0.000301 seconds.
  path: Assets/-Scenes/Intro.unity
  artifactKey: Guid(0525e296fec9820438b9d9175ed01ceb) Importer(815301076,1909f56bfc062723c751e8b465ee728b)
Start importing Assets/-Scenes/Intro.unity using Guid(0525e296fec9820438b9d9175ed01ceb) Importer(815301076,1909f56bfc062723c751e8b465ee728b)  -> (artifact id: '362c5097a0e9dc7bdecd8c9c0006e776') in 0.008196 seconds 
  Import took 0.071243 seconds .

AssetImportWorkerClient::OnTransportError - code=2 error=End of file
